Removed Pin From Net: NetName=MCLR Pin=JP1-1
Removed Pin From Net: NetName=VDD Pin=JP1-2
Removed Pin From Net: NetName=5V Pin=JP1-3
Removed Pin From Net: NetName=TEST_MODE Pin=JP1-4
Removed Pin From Net: NetName=OKC Pin=JP1-5
Removed Pin From Net: NetName=PAD Pin=JP1-6
Removed Pin From Net: NetName=RELAY_IN Pin=JP1-7
Removed Pin From Net: NetName=REMOTE Pin=JP1-8
Removed Pin From Net: NetName=BATT_OUT Pin=JP1-9
Removed Pin From Net: NetName=AC_OUT- Pin=JP1-10
Removed Pin From Net: NetName=GND Pin=JP1-11
Removed Pin From Net: NetName=AC_OUT+ Pin=JP1-12
Removed Pin From Net: NetName=RELAY_IN Pin=JP1-13
Removed Pin From Net: NetName=PGD Pin=JP1-14
Removed Pin From Net: NetName=GND Pin=JP1-15
Removed Pin From Net: NetName=PGC Pin=JP1-16
Change Component Comment : Designator=JP1 Old Comment=8x2 Header New Comment=8x2_HEADER
Added Pin To Net: NetName=GND Pin=JP1-1
Added Pin To Net: NetName=PGC Pin=JP1-2
Added Pin To Net: NetName=RELAY_IN Pin=JP1-3
Added Pin To Net: NetName=PGD Pin=JP1-4
Added Pin To Net: NetName=GND Pin=JP1-5
Added Pin To Net: NetName=AC_OUT+ Pin=JP1-6
Added Pin To Net: NetName=BATT_OUT Pin=JP1-7
Added Pin To Net: NetName=AC_OUT- Pin=JP1-8
Added Pin To Net: NetName=RELAY_IN Pin=JP1-9
Added Pin To Net: NetName=REMOTE Pin=JP1-10
Added Pin To Net: NetName=OKC Pin=JP1-11
Added Pin To Net: NetName=PAD Pin=JP1-12
Added Pin To Net: NetName=5V Pin=JP1-13
Added Pin To Net: NetName=TEST_MODE Pin=JP1-14
Added Pin To Net: NetName=MCLR Pin=JP1-15
Added Pin To Net: NetName=VDD Pin=JP1-16
