Added Component: Designator=C7(RESC1206(3216)_M)
Add component. Clean all parameters for all variants
Add component (AddParameter): Name = "Value"; Value = "0.1uF"; VariantName = "[No Variations]"
Added Component: Designator=C8(RESC1206(3216)_M)
Add component. Clean all parameters for all variants
Add component (AddParameter): Name = "Value"; Value = "0.33uF"; VariantName = "[No Variations]"
Added Component: Designator=VR3(DPAK-3)
Add component. Clean all parameters for all variants
Add component (AddParameter): Name = "ComponentLink1Description"; Value = "Datasheet"; VariantName = "[No Variations]"
Add component (AddParameter): Name = "ComponentLink1URL"; Value = "http://www.ti.com/general/docs/lit/getliterature.tsp?genericPartNumber=tlv1117-50&fileType=pdf"; VariantName = "[No Variations]"
Add component (AddParameter): Name = "MFR"; Value = "ON SEMICONDUCTOR"; VariantName = "[No Variations]"
Add component (AddParameter): Name = "MPN"; Value = "MC7805"; VariantName = "[No Variations]"
Added Pin To Net: NetName=5V Pin=C7-1
Added Pin To Net: NetName=GND Pin=C7-2
Added Pin To Net: NetName=12V Pin=C8-1
Added Pin To Net: NetName=GND Pin=C8-2
Added Pin To Net: NetName=12V Pin=VR3-1
Added Pin To Net: NetName=GND Pin=VR3-2
Added Pin To Net: NetName=5V Pin=VR3-3
Added Member To Class: ClassName=105848 Member=Component C7 Cap
Added Member To Class: ClassName=105848 Member=Component C8 Cap
Added Member To Class: ClassName=105848 Member=Component VR3 MC7805
