Removed Pin From Net: NetName=BATT_EN Pin=IC1-11
Removed Pin From Net: NetName=RESET Pin=J4-1
Change Component Comment : Designator=JP1 Old Comment=8x2_HEADER New Comment=8x2 Header
Change Component Comment : Designator=IC2 Old Comment=DUAL OPTO New Comment=ILD207
Added Component: Designator=C2(CAPC1206(3216)110_M)
Add component. Clean all parameters for all variants
Add component (AddParameter): Name = "Value"; Value = "0.1uF"; VariantName = "[No Variations]"
Added Component: Designator=C3(CAPC1206(3216)110_M)
Add component. Clean all parameters for all variants
Add component (AddParameter): Name = "Value"; Value = "1uF"; VariantName = "[No Variations]"
Added Component: Designator=C4(CAPC1206(3216)110_M)
Add component. Clean all parameters for all variants
Add component (AddParameter): Name = "MFR"; Value = "Vishay"; VariantName = "[No Variations]"
Add component (AddParameter): Name = "Power Rating"; Value = "0.25W"; VariantName = "[No Variations]"
Add component (AddParameter): Name = "Value"; Value = "1uF"; VariantName = "[No Variations]"
Added Component: Designator=D4(DO-214AC)
Add component. Clean all parameters for all variants
Add component (AddParameter): Name = "MPN"; Value = "B5819W"; VariantName = "[No Variations]"
Added Component: Designator=D5(DO-214AC)
Add component. Clean all parameters for all variants
Add component (AddParameter): Name = "MPN"; Value = "B5819W"; VariantName = "[No Variations]"
Added Component: Designator=Q1(SOT-23_M)
Add component. Clean all parameters for all variants
Add component (AddParameter): Name = ""; Value = "http://datasheet.octopart.com/MMBT2222-Fairchild-datasheet-39713.pdf"; VariantName = "[No Variations]"
Add component (AddParameter): Name = "MFR"; Value = "Fairchild Semi"; VariantName = "[No Variations]"
Add component (AddParameter): Name = "MFR P/N"; Value = "MMBT2222"; VariantName = "[No Variations]"
Add component (AddParameter): Name = "OriginalName"; Value = "NPN"; VariantName = "[No Variations]"
Added Component: Designator=R4(RESC1206(3216)_M)
Add component. Clean all parameters for all variants
Add component (AddParameter): Name = "Manufacturer"; Value = ""; VariantName = "[No Variations]"
Add component (AddParameter): Name = "Part Number"; Value = ""; VariantName = "[No Variations]"
Add component (AddParameter): Name = "Value"; Value = "1k"; VariantName = "[No Variations]"
Added Component: Designator=R5(RESC1206(3216)_M)
Add component. Clean all parameters for all variants
Add component (AddParameter): Name = "Manufacturer"; Value = ""; VariantName = "[No Variations]"
Add component (AddParameter): Name = "Part Number"; Value = ""; VariantName = "[No Variations]"
Add component (AddParameter): Name = "Value"; Value = "20K"; VariantName = "[No Variations]"
Added Component: Designator=R6(RESC1206(3216)_M)
Add component. Clean all parameters for all variants
Add component (AddParameter): Name = "Manufacturer"; Value = ""; VariantName = "[No Variations]"
Add component (AddParameter): Name = "Part Number"; Value = ""; VariantName = "[No Variations]"
Add component (AddParameter): Name = "Tolerance"; Value = "1%"; VariantName = "[No Variations]"
Add component (AddParameter): Name = "Value"; Value = "2K"; VariantName = "[No Variations]"
Added Component: Designator=R7(RESC1206(3216)_M)
Add component. Clean all parameters for all variants
Add component (AddParameter): Name = "ComponentLink1Description"; Value = "Datasheet"; VariantName = "[No Variations]"
Add component (AddParameter): Name = "ComponentLink1URL"; Value = "http://www.mouser.com/ds/2/427/dcrcwe3-109170.pdf"; VariantName = "[No Variations]"
Add component (AddParameter): Name = "Manufacturer"; Value = "Vishay"; VariantName = "[No Variations]"
Add component (AddParameter): Name = "Part Number"; Value = "CRCW12066K04FKEA"; VariantName = "[No Variations]"
Add component (AddParameter): Name = "Tolerance"; Value = "1%"; VariantName = "[No Variations]"
Add component (AddParameter): Name = "Value"; Value = "2.2K"; VariantName = "[No Variations]"
Added Component: Designator=R8(RESC1206(3216)_M)
Add component. Clean all parameters for all variants
Add component (AddParameter): Name = "Manufacturer"; Value = ""; VariantName = "[No Variations]"
Add component (AddParameter): Name = "Part Number"; Value = ""; VariantName = "[No Variations]"
Add component (AddParameter): Name = "Tolerance"; Value = "1%"; VariantName = "[No Variations]"
Add component (AddParameter): Name = "Value"; Value = "3.74K"; VariantName = "[No Variations]"
Added Component: Designator=R9(RESC1206(3216)_M)
Add component. Clean all parameters for all variants
Add component (AddParameter): Name = "Manufacturer"; Value = ""; VariantName = "[No Variations]"
Add component (AddParameter): Name = "Part Number"; Value = ""; VariantName = "[No Variations]"
Add component (AddParameter): Name = "Value"; Value = "1k"; VariantName = "[No Variations]"
Added Component: Designator=U1(SOT-23_M)
Add component. Clean all parameters for all variants
Add component (AddParameter): Name = ""; Value = "http://datasheet.octopart.com/DMG3415U-7-Diodes-Inc.-datasheet-10027536.pdf"; VariantName = "[No Variations]"
Add component (AddParameter): Name = "ComponentLink1Description"; Value = "Datasheet"; VariantName = "[No Variations]"
Add component (AddParameter): Name = "ComponentLink1URL"; Value = "https://www.diodes.com/assets/Datasheets/ds31735.pdf"; VariantName = "[No Variations]"
Add component (AddParameter): Name = "MFR"; Value = "DIODES, INC."; VariantName = "[No Variations]"
Add component (AddParameter): Name = "MPN"; Value = "DMG3415U-7"; VariantName = "[No Variations]"
Added Component: Designator=VR1(SOT223_M)
Add component. Clean all parameters for all variants
Add component (AddParameter): Name = "ComponentLink1Description"; Value = "Datasheet"; VariantName = "[No Variations]"
Add component (AddParameter): Name = "ComponentLink1URL"; Value = "http://www.ti.com/lit/gpn/lm317"; VariantName = "[No Variations]"
Add component (AddParameter): Name = "MFR"; Value = "TI"; VariantName = "[No Variations]"
Add component (AddParameter): Name = "MPN"; Value = "LM317DCYR"; VariantName = "[No Variations]"
Added Pin To Net: NetName=12V Pin=C2-1
Added Pin To Net: NetName=GND Pin=C2-2
Added Pin To Net: NetName=GND Pin=C3-2
Added Pin To Net: NetName=GND Pin=C4-1
Added Pin To Net: NetName=BATT_EN Pin=P1-4
Added Pin To Net: NetName=GND Pin=Q1-2
Added Pin To Net: NetName=RESET Pin=R4-2
Added Pin To Net: NetName=BATT_EN Pin=R5-1
Added Pin To Net: NetName=GND Pin=R8-2
Added Pin To Net: NetName=BATT_EN Pin=U1-1
Added Pin To Net: NetName=BATT_OUT Pin=U1-3
Added Pin To Net: NetName=12V Pin=VR1-3
Added Pin To Net: NetName=BATT_PWR Pin=C3-1
Added Pin To Net: NetName=BATT_PWR Pin=D5--
Added Pin To Net: NetName=BATT_PWR Pin=R5-2
Added Pin To Net: NetName=BATT_PWR Pin=R6-1
Added Pin To Net: NetName=BATT_PWR Pin=U1-2
Added Pin To Net: NetName=BATT_PWR Pin=VR1-2
Added Pin To Net: NetName=BATT_PWR Pin=VR1-4
Added Net: Name=BATT_PWR
Added Pin To Net: NetName=LOW_BATT_EN Pin=P1-2
Added Pin To Net: NetName=LOW_BATT_EN Pin=R9-1
Added Net: Name=LOW_BATT_EN
Added Pin To Net: NetName=NetC4_2 Pin=C4-2
Added Pin To Net: NetName=NetC4_2 Pin=D5-+
Added Pin To Net: NetName=NetC4_2 Pin=R6-2
Added Pin To Net: NetName=NetC4_2 Pin=R7-1
Added Pin To Net: NetName=NetC4_2 Pin=R8-1
Added Pin To Net: NetName=NetC4_2 Pin=VR1-1
Added Net: Name=NetC4_2
Added Pin To Net: NetName=NetJ4_1 Pin=J4-1
Added Pin To Net: NetName=NetJ4_1 Pin=R4-1
Added Net: Name=NetJ4_1
Added Pin To Net: NetName=NetQ1_1 Pin=Q1-1
Added Pin To Net: NetName=NetQ1_1 Pin=R9-2
Added Net: Name=NetQ1_1
Added Pin To Net: NetName=NetQ1_3 Pin=Q1-3
Added Pin To Net: NetName=NetQ1_3 Pin=R7-2
Added Net: Name=NetQ1_3
Added Member To Class: ClassName=105848 Member=Component C2 Cap
Added Member To Class: ClassName=105848 Member=Component C3 Cap
Added Member To Class: ClassName=105848 Member=Component C4 Cap
Added Member To Class: ClassName=105848 Member=Component D4 1N4002
Added Member To Class: ClassName=105848 Member=Component D5 1N4002
Added Member To Class: ClassName=105848 Member=Component Q1 MMBT2222
Added Member To Class: ClassName=105848 Member=Component R4 Resistor
Added Member To Class: ClassName=105848 Member=Component R5 
Added Member To Class: ClassName=105848 Member=Component R6 
Added Member To Class: ClassName=105848 Member=Component R7 
Added Member To Class: ClassName=105848 Member=Component R8 
Added Member To Class: ClassName=105848 Member=Component R9 Resistor
Added Member To Class: ClassName=105848 Member=Component U1 MOSFET P-CHANNEL
Added Member To Class: ClassName=105848 Member=Component VR1 LM317DCY
