Change component parameters: Designator = "D1"; Footprint = "SOT-23_M"; UniqueID = "\AJNPKHUB"
Change component parameters. Clean all parameters for all variants
Change component parameters (AddParameter): Name = "Manufacturer"; Value = ""; VariantName = "[No Variations]"
Change component parameters (AddParameter): Name = "MPN"; Value = "B5819W"; VariantName = "[No Variations]"
Change component parameters (AddParameter): Name = "PackageDescription"; Value = "SOT-23"; VariantName = "[No Variations]"
Change component parameters (AddParameter): Name = "Value"; Value = "BAS20"; VariantName = "[No Variations]"
Change component parameters: Designator = "D2"; Footprint = "SOT-23_M"; UniqueID = "\LMTKLEYQ"
Change component parameters. Clean all parameters for all variants
Change component parameters (AddParameter): Name = "Manufacturer"; Value = ""; VariantName = "[No Variations]"
Change component parameters (AddParameter): Name = "MPN"; Value = "B5819W"; VariantName = "[No Variations]"
Change component parameters (AddParameter): Name = "PackageDescription"; Value = "SOT-23"; VariantName = "[No Variations]"
Change component parameters (AddParameter): Name = "Value"; Value = "BAS20"; VariantName = "[No Variations]"
Change component parameters: Designator = "D3"; Footprint = "SMB_2"; UniqueID = "\VTCRUQTT"
Change component parameters. Clean all parameters for all variants
Change component parameters (AddParameter): Name = "ComponentLink1Description"; Value = "Datasheet"; VariantName = "[No Variations]"
Change component parameters (AddParameter): Name = "ComponentLink1URL"; Value = "https://www.vishay.com/docs/88746/ss12.pdf"; VariantName = "[No Variations]"
Change component parameters (AddParameter): Name = "Manufacturer"; Value = ""; VariantName = "[No Variations]"
Change component parameters (AddParameter): Name = "MPN"; Value = "SS12"; VariantName = "[No Variations]"
Change component parameters (AddParameter): Name = "PackageDescription"; Value = "SMB"; VariantName = "[No Variations]"
Change component parameters (AddParameter): Name = "PackageReference"; Value = "SMA"; VariantName = "[No Variations]"
Change component parameters (AddParameter): Name = "Value"; Value = "SS12"; VariantName = "[No Variations]"
Change component parameters: Designator = "D4"; Footprint = "DO-214AC"; UniqueID = "\XGBNBHTO"
Change component parameters. Clean all parameters for all variants
Change component parameters (AddParameter): Name = "Manufacturer"; Value = ""; VariantName = "[No Variations]"
Change component parameters (AddParameter): Name = "MPN"; Value = "B5819W"; VariantName = "[No Variations]"
Change component parameters (AddParameter): Name = "PackageDescription"; Value = "SMB"; VariantName = "[No Variations]"
Change component parameters (AddParameter): Name = "Value"; Value = "1N4002"; VariantName = "[No Variations]"
Change component parameters: Designator = "D5"; Footprint = "DO-214AC"; UniqueID = "\VTEMIFOQ"
Change component parameters. Clean all parameters for all variants
Change component parameters (AddParameter): Name = "Manufacturer"; Value = ""; VariantName = "[No Variations]"
Change component parameters (AddParameter): Name = "MPN"; Value = "B5819W"; VariantName = "[No Variations]"
Change component parameters (AddParameter): Name = "PackageDescription"; Value = "SMB"; VariantName = "[No Variations]"
Change component parameters (AddParameter): Name = "Value"; Value = "1N4002"; VariantName = "[No Variations]"
Change component parameters: Designator = "D6"; Footprint = "DO-214AC"; UniqueID = "\DAQJCTRO"
Change component parameters. Clean all parameters for all variants
Change component parameters (AddParameter): Name = "Manufacturer"; Value = ""; VariantName = "[No Variations]"
Change component parameters (AddParameter): Name = "MPN"; Value = "B5819W"; VariantName = "[No Variations]"
Change component parameters (AddParameter): Name = "PackageDescription"; Value = "SMB"; VariantName = "[No Variations]"
Change component parameters (AddParameter): Name = "Value"; Value = "1N4002"; VariantName = "[No Variations]"
Change component parameters: Designator = "D7"; Footprint = "DO-214AC"; UniqueID = "\BLILKGRS"
Change component parameters. Clean all parameters for all variants
Change component parameters (AddParameter): Name = "Manufacturer"; Value = ""; VariantName = "[No Variations]"
Change component parameters (AddParameter): Name = "MPN"; Value = "B5819W"; VariantName = "[No Variations]"
Change component parameters (AddParameter): Name = "PackageDescription"; Value = "SMB"; VariantName = "[No Variations]"
Change component parameters (AddParameter): Name = "Value"; Value = "1N4002"; VariantName = "[No Variations]"
Change component parameters: Designator = "D8"; Footprint = "DO-214AC"; UniqueID = "\YXRNRPAH"
Change component parameters. Clean all parameters for all variants
Change component parameters (AddParameter): Name = "Manufacturer"; Value = ""; VariantName = "[No Variations]"
Change component parameters (AddParameter): Name = "MPN"; Value = "B5819W"; VariantName = "[No Variations]"
Change component parameters (AddParameter): Name = "PackageDescription"; Value = "SMB"; VariantName = "[No Variations]"
Change component parameters (AddParameter): Name = "Value"; Value = "1N4002"; VariantName = "[No Variations]"
Change component parameters: Designator = "D10"; Footprint = "SOT-23_M"; UniqueID = "\YJRRAGQI"
Change component parameters. Clean all parameters for all variants
Change component parameters (AddParameter): Name = "Manufacturer"; Value = ""; VariantName = "[No Variations]"
Change component parameters (AddParameter): Name = "MPN"; Value = "B5819W"; VariantName = "[No Variations]"
Change component parameters (AddParameter): Name = "PackageDescription"; Value = "SOT-23"; VariantName = "[No Variations]"
Change component parameters (AddParameter): Name = "Value"; Value = "BAS20"; VariantName = "[No Variations]"
Change component parameters: Designator = "IC1"; Footprint = "SO-16_M"; UniqueID = "\GCOGCDXR"
Change component parameters. Clean all parameters for all variants
Change component parameters (AddParameter): Name = "ComponentLink1Description"; Value = "Datasheet"; VariantName = "[No Variations]"
Change component parameters (AddParameter): Name = "ComponentLink1URL"; Value = "https://www.diodes.com/assets/Datasheets/ULN200xA.pdf"; VariantName = "[No Variations]"
Change component parameters (AddParameter): Name = "Manufacturer"; Value = ""; VariantName = "[No Variations]"
Change component parameters (AddParameter): Name = "MPN"; Value = "ULN2003A"; VariantName = "[No Variations]"
Change component parameters (AddParameter): Name = "PackageDescription"; Value = "SO-16"; VariantName = "[No Variations]"
Change component parameters (AddParameter): Name = "Value"; Value = "ULN2003A"; VariantName = "[No Variations]"
Change component parameters: Designator = "IC2"; Footprint = "SO8_N"; UniqueID = "\UDRCTHCM"
Change component parameters. Clean all parameters for all variants
Change component parameters (AddParameter): Name = "ComponentLink1Description"; Value = "Datasheet"; VariantName = "[No Variations]"
Change component parameters (AddParameter): Name = "ComponentLink1URL"; Value = "http://www.vishay.com/docs/83647/ild205t.pdf"; VariantName = "[No Variations]"
Change component parameters (AddParameter): Name = "Manufacturer"; Value = ""; VariantName = "[No Variations]"
Change component parameters (AddParameter): Name = "MPN"; Value = "ILD207T"; VariantName = "[No Variations]"
Change component parameters (AddParameter): Name = "PackageDescription"; Value = "SO8"; VariantName = "[No Variations]"
Change component parameters (AddParameter): Name = "Value"; Value = "ILD207T"; VariantName = "[No Variations]"
Change component parameters: Designator = "D9"; Footprint = "SOT-23_M"; UniqueID = "\BMRUISVU"
Change component parameters. Clean all parameters for all variants
Change component parameters (AddParameter): Name = "Manufacturer"; Value = ""; VariantName = "[No Variations]"
Change component parameters (AddParameter): Name = "MPN"; Value = "B5819W"; VariantName = "[No Variations]"
Change component parameters (AddParameter): Name = "PackageDescription"; Value = "SOT-23"; VariantName = "[No Variations]"
Change component parameters (AddParameter): Name = "Value"; Value = "BAS20"; VariantName = "[No Variations]"
