Removed Pin From Net: NetName=_TEST_MODE Pin=P2-3
Removed Pin From Net: NetName=_BATT_EN Pin=P2-4
Removed Pin From Net: NetName=_REMOTE Pin=P2-5
Removed Pin From Net: NetName=_PAD Pin=P2-6
Removed Pin From Net: NetName=RELAY Pin=P2-7
Removed Pin From Net: NetName=_OKC Pin=P2-8
Removed Pin From Net: NetName=PWR_RELAY Pin=P2-9
Removed Pin From Net: NetName=QW_RELAY Pin=P2-10
Removed Pin From Net: NetName=_TEST_MODE Pin=P2-13
Removed Pin From Net: NetName=GND Pin=P2-14
Removed Pin From Net: NetName=12V Pin=P2-22
Removed Pin From Net: NetName=GND Pin=P2-23
Removed Pin From Net: NetName=GND Pin=P2-24
Removed Pin From Net: NetName=5V Pin=P2-25
Removed Pin From Net: NetName=RESET Pin=P2-27
Added Component: Designator=P1(ArduinoUno)
Add component. Clean all parameters for all variants
Added Pin To Net: NetName=_TEST_MODE Pin=P1-3
Added Pin To Net: NetName=_BATT_EN Pin=P1-4
Added Pin To Net: NetName=_REMOTE Pin=P1-5
Added Pin To Net: NetName=_PAD Pin=P1-6
Added Pin To Net: NetName=RELAY Pin=P1-7
Added Pin To Net: NetName=_OKC Pin=P1-8
Added Pin To Net: NetName=PWR_RELAY Pin=P1-9
Added Pin To Net: NetName=QW_RELAY Pin=P1-10
Added Pin To Net: NetName=TEST_IND Pin=P1-13
Added Pin To Net: NetName=GND Pin=P1-GND
Added Pin To Net: NetName=GND Pin=P1-GND
Added Pin To Net: NetName=RESET Pin=P1-RESET
Added Pin To Net: NetName=5V Pin=P1-VCC
Added Pin To Net: NetName=12V Pin=P1-VIN
Added Member To Class: ClassName=105848 Member=Component P1 Arduino Uno
